mobile/build/intermediates/manifest_merge_blame_file/debug/manifest-merger-blame-debug-report.txt
1<?xml version="1.0" encoding="utf-8"?>
2<manifest xmlns:android="http://schemas.android.com/apk/res/android"
3    package="ch.epfl.esl.sportstracker"
4    android:versionCode="1"
5    android:versionName="1.0" >
6
7    <uses-sdk
8        android:minSdkVersion="16"
8-->src\main\AndroidManifest.xml
9        android:targetSdkVersion="28" />
9-->src\main\AndroidManifest.xml
10
11    <uses-permission android:name="android.permission.WAKE_LOCK" />
11-->src\main\AndroidManifest.xml:5:5-68
11-->src\main\AndroidManifest.xml:5:22-65
12    <uses-permission android:name="android.permission.INTERNET" />
12-->src\main\AndroidManifest.xml:6:5-67
12-->src\main\AndroidManifest.xml:6:22-64
13    <uses-permission android:name="android.permission.CAMERA" />
13-->src\main\AndroidManifest.xml:7:5-65
13-->src\main\AndroidManifest.xml:7:22-62
14
15    <uses-feature
15-->src\main\AndroidManifest.xml:9:5-11:35
16        android:name="android.hardware.camera.ar"
16-->src\main\AndroidManifest.xml:10:9-50
17        android:required="true" />
17-->src\main\AndroidManifest.xml:11:9-32
18
19    <!-- Although the *SdkVersion is captured in gradle build files, this is required for non gradle builds -->
20    <!-- <uses-sdk android:minSdkVersion="14"/> -->
21    <uses-permission android:name="android.permission.ACCESS_NETWORK_STATE" />
21-->[com.google.firebase:firebase-database:19.2.0] AndroidManifest.xml:25:5-79
21-->[com.google.firebase:firebase-database:19.2.0] AndroidManifest.xml:25:22-76
22
23    <application
23-->src\main\AndroidManifest.xml:13:5-57:19
24        android:allowBackup="true"
24-->src\main\AndroidManifest.xml:14:9-35
25        android:appComponentFactory="androidx.core.app.CoreComponentFactory"
25-->[androidx.core:core:1.1.0] AndroidManifest.xml:24:18-86
26        android:debuggable="true"
27        android:icon="@drawable/logo"
27-->src\main\AndroidManifest.xml:15:9-38
28        android:label="@string/app_name"
28-->src\main\AndroidManifest.xml:16:9-41
29        android:roundIcon="@drawable/logo"
29-->src\main\AndroidManifest.xml:17:9-43
30        android:supportsRtl="true"
30-->src\main\AndroidManifest.xml:18:9-35
31        android:theme="@style/AppTheme" >
31-->src\main\AndroidManifest.xml:19:9-40
32        <activity android:name="ch.epfl.esl.sportstracker.GameActivity" />
32-->src\main\AndroidManifest.xml:20:9-59
32-->src\main\AndroidManifest.xml:20:19-47
33        <activity android:name="ch.epfl.esl.sportstracker.WaitForMapActivity" />
33-->src\main\AndroidManifest.xml:21:9-56
33-->src\main\AndroidManifest.xml:21:19-53
34        <activity android:name="ch.epfl.esl.sportstracker.LoginActivity" >
34-->src\main\AndroidManifest.xml:22:9-27:20
34-->src\main\AndroidManifest.xml:22:19-48
35            <intent-filter>
35-->src\main\AndroidManifest.xml:23:13-26:29
36                <action android:name="android.intent.action.MAIN" />
36-->src\main\AndroidManifest.xml:24:17-69
36-->src\main\AndroidManifest.xml:24:25-66
37
38                <category android:name="android.intent.category.LAUNCHER" />
38-->src\main\AndroidManifest.xml:25:17-77
38-->src\main\AndroidManifest.xml:25:27-74
39            </intent-filter>
40        </activity>
41        <activity android:name="ch.epfl.esl.sportstracker.MapActivity" />
41-->src\main\AndroidManifest.xml:28:9-49
41-->src\main\AndroidManifest.xml:28:19-46
42        <activity android:name="ch.epfl.esl.sportstracker.StartActivity" />
42-->src\main\AndroidManifest.xml:29:9-51
42-->src\main\AndroidManifest.xml:29:19-48
43        <activity
43-->src\main\AndroidManifest.xml:30:9-32:51
44            android:name="ch.epfl.esl.sportstracker.MainActivity"
44-->src\main\AndroidManifest.xml:31:13-41
45            android:launchMode="singleInstance" />
45-->src\main\AndroidManifest.xml:32:13-48
46        <activity android:name="ch.epfl.esl.sportstracker.EditProfileActivity" />
46-->src\main\AndroidManifest.xml:33:9-57
46-->src\main\AndroidManifest.xml:33:19-54
47
48        <service android:name="ch.epfl.esl.sportstracker.WearService" >
48-->src\main\AndroidManifest.xml:35:9-52:19
48-->src\main\AndroidManifest.xml:35:18-45
49            <intent-filter>
49-->src\main\AndroidManifest.xml:36:13-43:29
50                <action android:name="com.google.android.gms.wearable.DATA_CHANGED" />
50-->src\main\AndroidManifest.xml:37:17-87
50-->src\main\AndroidManifest.xml:37:25-84
51
52                <data
52-->src\main\AndroidManifest.xml:39:17-42:45
53                    android:host="*"
53-->src\main\AndroidManifest.xml:40:21-37
54                    android:pathPrefix=""
54-->src\main\AndroidManifest.xml:41:21-42
55                    android:scheme="wear" />
55-->src\main\AndroidManifest.xml:42:21-42
56            </intent-filter>
57            <intent-filter>
57-->src\main\AndroidManifest.xml:44:13-51:29
58                <action android:name="com.google.android.gms.wearable.MESSAGE_RECEIVED" />
58-->src\main\AndroidManifest.xml:45:17-91
58-->src\main\AndroidManifest.xml:45:25-88
59
60                <data
60-->src\main\AndroidManifest.xml:39:17-42:45
61                    android:host="*"
61-->src\main\AndroidManifest.xml:40:21-37
62                    android:pathPrefix=""
62-->src\main\AndroidManifest.xml:41:21-42
63                    android:scheme="wear" />
63-->src\main\AndroidManifest.xml:42:21-42
64            </intent-filter>
65        </service>
66
67        <meta-data
67-->src\main\AndroidManifest.xml:54:9-56:40
68            android:name="com.google.ar.core"
68-->src\main\AndroidManifest.xml:55:13-46
69            android:value="required" />
69-->src\main\AndroidManifest.xml:56:13-37
70
71        <service
71-->[com.google.firebase:firebase-database:19.2.0] AndroidManifest.xml:29:9-35:19
72            android:name="com.google.firebase.components.ComponentDiscoveryService"
72-->[com.google.firebase:firebase-database:19.2.0] AndroidManifest.xml:30:13-84
73            android:directBootAware="true"
73-->[com.google.firebase:firebase-common:19.2.0] AndroidManifest.xml:15:13-43
74            android:exported="false" >
74-->[com.google.firebase:firebase-database:19.2.0] AndroidManifest.xml:31:13-37
75            <meta-data
75-->[com.google.firebase:firebase-database:19.2.0] AndroidManifest.xml:32:13-34:85
76                android:name="com.google.firebase.components:com.google.firebase.database.DatabaseRegistrar"
76-->[com.google.firebase:firebase-database:19.2.0] AndroidManifest.xml:33:17-109
77                android:value="com.google.firebase.components.ComponentRegistrar" />
77-->[com.google.firebase:firebase-database:19.2.0] AndroidManifest.xml:34:17-82
78            <meta-data
78-->[com.google.firebase:firebase-storage:19.1.0] AndroidManifest.xml:33:13-35:85
79                android:name="com.google.firebase.components:com.google.firebase.storage.StorageRegistrar"
79-->[com.google.firebase:firebase-storage:19.1.0] AndroidManifest.xml:34:17-107
80                android:value="com.google.firebase.components.ComponentRegistrar" />
80-->[com.google.firebase:firebase-storage:19.1.0] AndroidManifest.xml:35:17-82
81            <meta-data
81-->[com.google.firebase:firebase-auth:19.1.0] AndroidManifest.xml:36:13-38:85
82                android:name="com.google.firebase.components:com.google.firebase.auth.FirebaseAuthRegistrar"
82-->[com.google.firebase:firebase-auth:19.1.0] AndroidManifest.xml:37:17-109
83                android:value="com.google.firebase.components.ComponentRegistrar" />
83-->[com.google.firebase:firebase-auth:19.1.0] AndroidManifest.xml:38:17-82
84        </service>
85
86        <activity
86-->[com.google.firebase:firebase-auth:19.1.0] AndroidManifest.xml:24:9-31:50
87            android:name="com.google.firebase.auth.internal.FederatedSignInActivity"
87-->[com.google.firebase:firebase-auth:19.1.0] AndroidManifest.xml:25:13-85
88            android:excludeFromRecents="true"
88-->[com.google.firebase:firebase-auth:19.1.0] AndroidManifest.xml:26:13-46
89            android:exported="true"
89-->[com.google.firebase:firebase-auth:19.1.0] AndroidManifest.xml:27:13-36
90            android:launchMode="singleTask"
90-->[com.google.firebase:firebase-auth:19.1.0] AndroidManifest.xml:28:13-44
91            android:permission="com.google.firebase.auth.api.gms.permission.LAUNCH_FEDERATED_SIGN_IN"
91-->[com.google.firebase:firebase-auth:19.1.0] AndroidManifest.xml:29:13-102
92            android:theme="@android:style/Theme.Translucent.NoTitleBar" />
92-->[com.google.firebase:firebase-auth:19.1.0] AndroidManifest.xml:30:13-72
93
94        <provider
94-->[com.google.firebase:firebase-common:19.2.0] AndroidManifest.xml:19:9-23:39
95            android:name="com.google.firebase.provider.FirebaseInitProvider"
95-->[com.google.firebase:firebase-common:19.2.0] AndroidManifest.xml:20:13-77
96            android:authorities="ch.epfl.esl.sportstracker.firebaseinitprovider"
96-->[com.google.firebase:firebase-common:19.2.0] AndroidManifest.xml:21:13-72
97            android:exported="false"
97-->[com.google.firebase:firebase-common:19.2.0] AndroidManifest.xml:22:13-37
98            android:initOrder="100" />
98-->[com.google.firebase:firebase-common:19.2.0] AndroidManifest.xml:23:13-36
99
100        <activity
100-->[com.google.android.gms:play-services-base:17.1.0] AndroidManifest.xml:23:9-26:75
101            android:name="com.google.android.gms.common.api.GoogleApiActivity"
101-->[com.google.android.gms:play-services-base:17.1.0] AndroidManifest.xml:24:13-79
102            android:exported="false"
102-->[com.google.android.gms:play-services-base:17.1.0] AndroidManifest.xml:25:13-37
103            android:theme="@android:style/Theme.Translucent.NoTitleBar" />
103-->[com.google.android.gms:play-services-base:17.1.0] AndroidManifest.xml:26:13-72
104
105        <meta-data
105-->[com.google.android.gms:play-services-basement:17.0.0] AndroidManifest.xml:23:9-25:69
106            android:name="com.google.android.gms.version"
106-->[com.google.android.gms:play-services-basement:17.0.0] AndroidManifest.xml:24:13-58
107            android:value="@integer/google_play_services_version" /> <!-- The minimal version code of ARCore APK required for an app using this SDK. -->
107-->[com.google.android.gms:play-services-basement:17.0.0] AndroidManifest.xml:25:13-66
108        <meta-data
108-->[com.google.ar:core:1.14.0] AndroidManifest.xml:33:9-35:41
109            android:name="com.google.ar.core.min_apk_version"
109-->[com.google.ar:core:1.14.0] AndroidManifest.xml:34:13-62
110            android:value="191106000" /> <!-- This activity is critical for installing ARCore when it is not already present. -->
110-->[com.google.ar:core:1.14.0] AndroidManifest.xml:35:13-38
111        <activity
111-->[com.google.ar:core:1.14.0] AndroidManifest.xml:37:9-43:80
112            android:name="com.google.ar.core.InstallActivity"
112-->[com.google.ar:core:1.14.0] AndroidManifest.xml:38:13-62
113            android:configChanges="keyboardHidden|orientation|screenSize"
113-->[com.google.ar:core:1.14.0] AndroidManifest.xml:39:13-74
114            android:excludeFromRecents="true"
114-->[com.google.ar:core:1.14.0] AndroidManifest.xml:40:13-46
115            android:exported="false"
115-->[com.google.ar:core:1.14.0] AndroidManifest.xml:41:13-37
116            android:launchMode="singleTop"
116-->[com.google.ar:core:1.14.0] AndroidManifest.xml:42:13-43
117            android:theme="@android:style/Theme.Material.Light.Dialog.Alert" />
117-->[com.google.ar:core:1.14.0] AndroidManifest.xml:43:13-77
118    </application>
119
120</manifest>